Using pre-set license
Built from '2021.1/staging' branch; Version is '2021.1.9f1 (7a790e367ab3) revision 8026382'; Using compiler version '192528614'; Build Type 'Release'
OS: 'Windows 10 Home; OS build 22000.675; Version 2009; 64bit' Language: 'en' Physical Memory: 6020 MB
BatchMode: 1, IsHumanControllingUs: 0, StartBugReporterOnCrash: 0, Is64bit: 1, IsPro: 0

 COMMAND LINE ARGUMENTS:
D:\college work\Editor\Unity.exe
-adb2
-batchMode
-noUpm
-name
AssetImportWorker2
-projectPath
C:/Users/doran/Documents/GitHub/The-Dungeon-Explorer/The Dungeon Explorer
-logFile
Logs/AssetImportWorker2.log
-srvPort
59196
Successfully changed project path to: C:/Users/doran/Documents/GitHub/The-Dungeon-Explorer/The Dungeon Explorer
C:/Users/doran/Documents/GitHub/The-Dungeon-Explorer/The Dungeon Explorer
Using Asset Import Pipeline V2.
Refreshing native plugins compatible for Editor in 211.73 ms, found 4 plugins.
Preloading 0 native plugins for Editor in 0.00 ms.
Initialize engine version: 2021.1.9f1 (7a790e367ab3)
[Subsystems] Discovering subsystems at path D:/college work/Editor/Data/Resources/UnitySubsystems
[Subsystems] Discovering subsystems at path C:/Users/doran/Documents/GitHub/The-Dungeon-Explorer/The Dungeon Explorer/Assets
GfxDevice: creating device client; threaded=0; jobified=0
Direct3D:
    Version:  Direct3D 11.0 [level 11.1]
    Renderer: AMD Radeon(TM) RX Vega 10 Graphics (ID=0x15d8)
    Vendor:   ATI
    VRAM:     3010 MB
    Driver:   26.20.14046.3
Initialize mono
Mono path[0] = 'D:/college work/Editor/Data/Managed'
Mono path[1] = 'D:/college work/Editor/Data/MonoBleedingEdge/lib/mono/unityjit'
Mono config path = 'D:/college work/Editor/Data/MonoBleedingEdge/etc'
Using monoOptions --debugger-agent=transport=dt_socket,embedding=1,server=y,suspend=n,address=127.0.0.1:56220
Begin MonoManager ReloadAssembly
Registering precompiled unity dll's ...
Register platform support module: D:/college work/Editor/Data/PlaybackEngines/WebGLSupport/UnityEditor.WebGL.Extensions.dll
Register platform support module: D:/college work/Editor/Data/PlaybackEngines/WindowsStandaloneSupport/UnityEditor.WindowsStandalone.Extensions.dll
Registered in 0.084454 seconds.
Native extension for WindowsStandalone target not found
Native extension for WebGL target not found
Refreshing native plugins compatible for Editor in 187.71 ms, found 4 plugins.
Preloading 0 native plugins for Editor in 0.00 ms.
Mono: successfully reloaded assembly
- Completed reload, in 19.856 seconds
Domain Reload Profiling:
	ReloadAssembly (19867ms)
		BeginReloadAssembly (90ms)
			ExecutionOrderSort (0ms)
			DisableScriptedObjects (0ms)
			BackupInstance (0ms)
			ReleaseScriptingObjects (0ms)
			CreateAndSetChildDomain (1ms)
		EndReloadAssembly (3247ms)
			LoadAssemblies (125ms)
			RebuildTransferFunctionScriptingTraits (34ms)
			SetupTypeCache (1544ms)
			ReleaseScriptCaches (0ms)
			RebuildScriptCaches (86ms)
			SetupLoadedEditorAssemblies (1333ms)
				LogAssemblyErrors (0ms)
				InitializePlatformSupportModulesInManaged (96ms)
				SetLoadedEditorAssemblies (1ms)
				RefreshPlugins (188ms)
				BeforeProcessingInitializeOnLoad (56ms)
				ProcessInitializeOnLoadAttributes (780ms)
				ProcessInitializeOnLoadMethodAttributes (192ms)
				AfterProcessingInitializeOnLoad (0ms)
				EditorAssembliesLoaded (21ms)
			ExecutionOrderSort2 (0ms)
			AwakeInstancesAfterBackupRestoration (0ms)
Platform modules already initialized, skipping
Registering precompiled user dll's ...
Registered in 0.019375 seconds.
Begin MonoManager ReloadAssembly
Symbol file LoadedFromMemory doesn't match image C:\Users\doran\Documents\GitHub\The-Dungeon-Explorer\The Dungeon Explorer\Library\PackageCache\com.unity.visualscripting@1.6.1\Editor\VisualScripting.Core\Dependencies\YamlDotNet\Unity.VisualScripting.YamlDotNet.dll
Symbol file LoadedFromMemory doesn't match image C:\Users\doran\Documents\GitHub\The-Dungeon-Explorer\The Dungeon Explorer\Library\PackageCache\com.unity.visualscripting@1.6.1\Editor\VisualScripting.Core\Dependencies\DotNetZip\Unity.VisualScripting.IonicZip.dll
